<?xml version="1.0" encoding="UTF-8"?>
<!-- Generated by org.testng.reporters.JUnitReportReporter -->
<testsuite hostname="sys" failures="0" tests="1" name="TestCases.RediffTestCase" time="36.887" errors="0" timestamp="22 Aug 2019 06:01:15 GMT" skipped="0">
  <testcase classname="TestCases.RediffTestCase" name="TS001" time="36.887"/>
</testsuite> <!-- TestCases.RediffTestCase -->
