<?xml version="1.0" encoding="UTF-8"?>
<!-- Generated by org.testng.reporters.JUnitReportReporter -->
<testsuite hostname="sys" failures="0" tests="2" name="parllelExecution.CrossBrowserTestig" time="24.520" errors="0" timestamp="21 May 2020 01:42:00 GMT" skipped="0">
  <testcase classname="parllelExecution.CrossBrowserTestig" name="testCase1" time="12.859"/>
  <testcase classname="parllelExecution.CrossBrowserTestig" name="testCase1" time="11.661"/>
</testsuite> <!-- parllelExecution.CrossBrowserTestig -->
