<?xml version="1.0" encoding="UTF-8"?>
<!-- Generated by org.testng.reporters.JUnitReportReporter -->
<testsuite hostname="sys" failures="0" tests="4" name="testPackage.Class1" time="0.094" errors="0" timestamp="08 Jun 2020 02:56:33 GMT" skipped="0">
  <testcase classname="testPackage.Class1" name="aurlLaunch" time="0.044"/>
  <testcase classname="testPackage.Class1" name="defaultMethod" time="0.004"/>
  <testcase classname="testPackage.Class1" name="aurlLaunch" time="0.038"/>
  <testcase classname="testPackage.Class1" name="login" time="0.008"/>
</testsuite> <!-- testPackage.Class1 -->
