<?xml version="1.0" encoding="UTF-8"?>
<!-- Generated by org.testng.reporters.JUnitReportReporter -->
<testsuite hostname="sys" failures="0" tests="6" name="testPackage.Class2" time="0.100" errors="0" timestamp="08 Jun 2020 02:56:33 GMT" skipped="0">
  <testcase classname="testPackage.Class2" name="testCase3" time="0.004"/>
  <testcase classname="testPackage.Class2" name="defaultMethod" time="0.008"/>
  <testcase classname="testPackage.Class2" name="testCase4" time="0.000"/>
  <testcase classname="testPackage.Class2" name="aurlLaunch" time="0.040"/>
  <testcase classname="testPackage.Class2" name="aurlLaunch" time="0.044"/>
  <testcase classname="testPackage.Class2" name="login" time="0.004"/>
</testsuite> <!-- testPackage.Class2 -->
