<?xml version="1.0" encoding="UTF-8"?>
<!-- Generated by org.testng.reporters.JUnitReportReporter -->
<testsuite hostname="sys" failures="0" tests="2" name="parllelExecution.ParllelExecutionDemoClass2" time="0.016" errors="0" timestamp="20 May 2020 03:37:14 GMT" skipped="0">
  <testcase classname="parllelExecution.ParllelExecutionDemoClass2" name="case6" time="0.000"/>
  <testcase classname="parllelExecution.ParllelExecutionDemoClass2" name="case4" time="0.016"/>
</testsuite> <!-- parllelExecution.ParllelExecutionDemoClass2 -->
