<?xml version="1.0" encoding="UTF-8"?>
<!-- Generated by org.testng.reporters.JUnitReportReporter -->
<testsuite hostname="sys" failures="0" tests="3" name="testPackage.DataProviderClass" time="38.182" errors="0" timestamp="15 May 2020 02:01:08 GMT" skipped="0">
  <testcase classname="testPackage.DataProviderClass" name="login" time="14.537"/>
  <testcase classname="testPackage.DataProviderClass" name="login" time="12.270"/>
  <testcase classname="testPackage.DataProviderClass" name="login" time="11.375"/>
</testsuite> <!-- testPackage.DataProviderClass -->
