<?xml version="1.0" encoding="UTF-8"?>
<!-- Generated by org.testng.reporters.JUnitReportReporter -->
<testsuite hostname="sys" failures="0" tests="1" name="annotations.RestAnnotations" time="0.016" errors="0" timestamp="16 May 2020 15:48:39 GMT" skipped="0">
  <testcase classname="annotations.RestAnnotations" name="testMethod" time="0.016"/>
</testsuite> <!-- annotations.RestAnnotations -->
