<?xml version="1.0" encoding="UTF-8"?>
<!-- Generated by org.testng.reporters.JUnitReportReporter -->
<testsuite hostname="sys" failures="0" tests="4" name="testPackage.ThreadPriorityClass" time="68.480" errors="0" timestamp="15 May 2020 04:24:25 GMT" skipped="0">
  <testcase classname="testPackage.ThreadPriorityClass" name="launchMethod" time="22.284"/>
  <testcase classname="testPackage.ThreadPriorityClass" name="launchMethod" time="20.215"/>
  <testcase classname="testPackage.ThreadPriorityClass" name="launchMethod" time="24.569"/>
  <testcase classname="testPackage.ThreadPriorityClass" name="quitMethod" time="1.412"/>
</testsuite> <!-- testPackage.ThreadPriorityClass -->
