<?xml version="1.0" encoding="UTF-8"?>
<!-- Generated by org.testng.reporters.JUnitReportReporter -->
<testsuite hostname="sys" failures="0" tests="2" name="testPackage.Class3" time="0.044" errors="0" timestamp="08 Jun 2020 02:56:33 GMT" skipped="0">
  <testcase classname="testPackage.Class3" name="testCase5" time="0.040"/>
  <testcase classname="testPackage.Class3" name="testCase6" time="0.004"/>
</testsuite> <!-- testPackage.Class3 -->
