<?xml version="1.0" encoding="UTF-8"?>
<!-- Generated by org.testng.reporters.JUnitReportReporter -->
<testsuite hostname="sys" failures="0" tests="2" name="parllelExecution.ParllelDemoClass" time="0.040" errors="0" timestamp="08 Jun 2020 02:53:06 GMT" skipped="0">
  <testcase classname="parllelExecution.ParllelDemoClass" name="case3" time="0.012"/>
  <testcase classname="parllelExecution.ParllelDemoClass" name="case1" time="0.028"/>
</testsuite> <!-- parllelExecution.ParllelDemoClass -->
