<?xml version="1.0" encoding="UTF-8"?>
<!-- Generated by org.testng.reporters.JUnitReportReporter -->
<testsuite hostname="sys" failures="0" tests="1" name="annotations.AnnotationsDemo" time="0.015" errors="0" timestamp="16 May 2020 15:38:09 GMT" skipped="0">
  <testcase classname="annotations.AnnotationsDemo" name="exceptionMethod" time="0.015"/>
</testsuite> <!-- annotations.AnnotationsDemo -->
