<?xml version="1.0" encoding="UTF-8"?>
<!-- Generated by org.testng.reporters.JUnitReportReporter -->
<testsuite hostname="sys" failures="0" tests="2" name="testPackage.Class4" time="12.539" errors="0" timestamp="15 May 2020 04:30:44 GMT" skipped="0">
  <testcase classname="testPackage.Class4" name="login" time="11.819"/>
  <testcase classname="testPackage.Class4" name="launch" time="0.720"/>
</testsuite> <!-- testPackage.Class4 -->
