<?xml version="1.0" encoding="UTF-8"?>
<!-- Generated by org.testng.reporters.JUnitReportReporter -->
<testsuite hostname="sys" failures="0" tests="1" name="icici_test.ZTEST2" time="27.451" errors="0" timestamp="21 Aug 2019 10:26:17 GMT" skipped="0">
  <testcase classname="icici_test.ZTEST2" name="test" time="27.451"/>
</testsuite> <!-- icici_test.ZTEST2 -->
