<?xml version="1.0" encoding="UTF-8"?>
<!-- Generated by org.testng.reporters.JUnitReportReporter -->
<testsuite hostname="sys" failures="0" tests="1" name="icici_test.ZTEST" time="30.058" errors="0" timestamp="21 Aug 2019 09:11:56 GMT" skipped="0">
  <testcase classname="icici_test.ZTEST" name="test" time="30.058"/>
</testsuite> <!-- icici_test.ZTEST -->
