<?xml version="1.0" encoding="UTF-8"?>
<!-- Generated by org.testng.reporters.JUnitReportReporter -->
<testsuite hostname="sys" failures="0" tests="1" name="Youtub_Demo.YTD1" time="95.702" errors="0" timestamp="15 Jul 2019 06:03:00 GMT" skipped="0">
  <testcase classname="Youtub_Demo.YTD1" name="test1" time="95.702"/>
</testsuite> <!-- Youtub_Demo.YTD1 -->
