<?xml version="1.0" encoding="UTF-8"?>
<!-- Generated by org.testng.reporters.JUnitReportReporter -->
<testsuite hostname="sys" failures="0" tests="1" name="Youtub_Demo.YTDNEW2" time="71.742" errors="0" timestamp="29 Jul 2019 05:39:30 GMT" skipped="0">
  <testcase classname="Youtub_Demo.YTDNEW2" name="test1" time="71.742"/>
</testsuite> <!-- Youtub_Demo.YTDNEW2 -->
