<?xml version="1.0" encoding="UTF-8"?>
<!-- Generated by org.testng.reporters.JUnitReportReporter -->
<testsuite hostname="sys" failures="0" tests="1" name="T001" time="0.018" errors="0" timestamp="11 Jul 2019 10:48:51 GMT" skipped="0">
  <testcase classname="T001" name="demo" time="0.018"/>
</testsuite> <!-- T001 -->
