<?xml version="1.0" encoding="UTF-8"?>
<!-- Generated by org.testng.reporters.JUnitReportReporter -->
<testsuite hostname="sys" failures="0" tests="1" name="Youtub_Demo.YTD1_testNG" time="105.454" errors="0" timestamp="17 Jul 2019 13:51:03 GMT" skipped="0">
  <testcase classname="Youtub_Demo.YTD1_testNG" name="test1" time="105.454"/>
</testsuite> <!-- Youtub_Demo.YTD1_testNG -->
