<?xml version="1.0" encoding="UTF-8"?>
<!-- Generated by org.testng.reporters.JUnitReportReporter -->
<testsuite hostname="sys" failures="0" tests="1" name="BudgetCalculator.BudgetCalc2_TC01" time="134.807" errors="0" timestamp="29 Jul 2019 05:21:44 GMT" skipped="0">
  <testcase classname="BudgetCalculator.BudgetCalc2_TC01" name="BudCalc" time="134.807"/>
</testsuite> <!-- BudgetCalculator.BudgetCalc2_TC01 -->
