<?xml version="1.0" encoding="UTF-8"?>
<!-- Generated by org.testng.reporters.JUnitReportReporter -->
<testsuite hostname="sys" failures="0" tests="8" name="PRACTICE.MonthlyExp_DDT" time="37.920" errors="0" timestamp="14 Jul 2019 11:35:11 GMT" skipped="0">
  <testcase classname="PRACTICE.MonthlyExp_DDT" name="OpenBrowser" time="8.251"/>
  <testcase classname="PRACTICE.MonthlyExp_DDT" name="Openlink" time="6.585"/>
  <testcase classname="PRACTICE.MonthlyExp_DDT" name="navigateToBorrowers" time="0.668"/>
  <testcase classname="PRACTICE.MonthlyExp_DDT" name="navigateToCalcRes" time="2.076"/>
  <testcase classname="PRACTICE.MonthlyExp_DDT" name="navigateToBudgetCalculator" time="8.442"/>
  <testcase classname="PRACTICE.MonthlyExp_DDT" name="inputValues" time="5.825"/>
  <testcase classname="PRACTICE.MonthlyExp_DDT" name="outputValues" time="5.225"/>
  <testcase classname="PRACTICE.MonthlyExp_DDT" name="CloseBrowser" time="0.848"/>
</testsuite> <!-- PRACTICE.MonthlyExp_DDT -->
