<?xml version="1.0" encoding="UTF-8"?>
<!-- Generated by org.testng.reporters.JUnitReportReporter -->
<testsuite hostname="sys" failures="0" tests="1" name="BudgetCalculator.BudgetCalc2_TC4" time="0.016" errors="0" timestamp="23 Jul 2019 04:20:01 GMT" skipped="0">
  <testcase classname="BudgetCalculator.BudgetCalc2_TC4" name="BudCalc" time="0.016"/>
</testsuite> <!-- BudgetCalculator.BudgetCalc2_TC4 -->
