<?xml version="1.0" encoding="UTF-8"?>
<!-- Generated by org.testng.reporters.JUnitReportReporter -->
<testsuite hostname="sys" failures="0" tests="1" name="Youtub_Demo.YTD1_v1" time="78.923" errors="0" timestamp="29 Jul 2019 05:30:58 GMT" skipped="0">
  <testcase classname="Youtub_Demo.YTD1_v1" name="test1" time="78.923"/>
</testsuite> <!-- Youtub_Demo.YTD1_v1 -->
