<?xml version="1.0" encoding="UTF-8"?>
<!-- Generated by org.testng.reporters.JUnitReportReporter -->
<testsuite hostname="sys" failures="0" tests="1" name="BudgetCalculator.BudgetCalc2_TC02" time="130.303" errors="0" timestamp="29 Jul 2019 05:21:44 GMT" skipped="0">
  <testcase classname="BudgetCalculator.BudgetCalc2_TC02" name="BudCalc" time="130.303"/>
</testsuite> <!-- BudgetCalculator.BudgetCalc2_TC02 -->
