<?xml version="1.0" encoding="UTF-8"?>
<!-- Generated by org.testng.reporters.JUnitReportReporter -->
<testsuite hostname="sys" failures="0" tests="3" name="TestNGPack.Program3" time="0.000" errors="0" timestamp="14 Jul 2019 04:12:20 GMT" skipped="0">
  <testcase classname="TestNGPack.Program3" name="processing" time="0.000"/>
  <testcase classname="TestNGPack.Program3" name="input" time="0.000"/>
  <testcase classname="TestNGPack.Program3" name="output" time="0.000"/>
</testsuite> <!-- TestNGPack.Program3 -->
