<?xml version="1.0" encoding="UTF-8"?>
<!-- Generated by org.testng.reporters.JUnitReportReporter -->
<testsuite hostname="sys" failures="0" tests="3" name="TestNGPack.Program5" time="14.122" errors="0" timestamp="11 Jul 2019 13:47:54 GMT" skipped="0">
  <testcase classname="TestNGPack.Program5" name="search" time="8.932"/>
  <testcase classname="TestNGPack.Program5" name="navigate" time="4.266"/>
  <testcase classname="TestNGPack.Program5" name="verifyTitle" time="0.924"/>
</testsuite> <!-- TestNGPack.Program5 -->
