<?xml version="1.0" encoding="UTF-8"?>
<!-- Generated by org.testng.reporters.JUnitReportReporter -->
<testsuite hostname="sys" failures="0" tests="2" name="Pack1.Program2" time="0.022" errors="0" timestamp="11 Jul 2019 12:32:06 GMT" skipped="0">
  <testcase classname="Pack1.Program2" name="input" time="0.018"/>
  <testcase classname="Pack1.Program2" name="output" time="0.004"/>
</testsuite> <!-- Pack1.Program2 -->
