<?xml version="1.0" encoding="UTF-8"?>
<!-- Generated by org.testng.reporters.JUnitReportReporter -->
<testsuite hostname="sys" failures="0" tests="1" name="JAVA_PACKAGE.READ_FILE" time="53.222" errors="0" timestamp="26 Jul 2019 09:43:29 GMT" skipped="0">
  <testcase classname="JAVA_PACKAGE.READ_FILE" name="test" time="53.222"/>
</testsuite> <!-- JAVA_PACKAGE.READ_FILE -->
