<?xml version="1.0" encoding="UTF-8"?>
<!-- Generated by org.testng.reporters.JUnitReportReporter -->
<testsuite hostname="sys" failures="0" tests="4" name="TestNGPack.Program6" time="13.846" errors="0" timestamp="12 Jul 2019 05:17:00 GMT" skipped="1">
  <testcase classname="TestNGPack.Program6" name="search" time="8.627"/>
  <testcase classname="TestNGPack.Program6" name="verifyTitle" time="0.946"/>
  <testcase classname="TestNGPack.Program6" name="navigate" time="4.273"/>
  <testcase classname="TestNGPack.Program6" name="gettext">
    <skipped/>
  </testcase> <!-- gettext -->
</testsuite> <!-- TestNGPack.Program6 -->
