<?xml version="1.0" encoding="UTF-8"?>
<!-- Generated by org.testng.reporters.JUnitReportReporter -->
<testsuite hostname="sys" failures="0" tests="1" name="Pack1.Program1" time="0.029" errors="0" timestamp="11 Jul 2019 12:30:51 GMT" skipped="0">
  <testcase classname="Pack1.Program1" name="demo1" time="0.029"/>
</testsuite> <!-- Pack1.Program1 -->
