<?xml version="1.0" encoding="UTF-8"?>
<!-- Generated by org.testng.reporters.JUnitReportReporter -->
<testsuite hostname="sys" failures="0" tests="1" name="BudgetCalculator.BudgetCalc" time="265.972" errors="0" timestamp="29 Jul 2019 05:09:45 GMT" skipped="0">
  <testcase classname="BudgetCalculator.BudgetCalc" name="BudCalc" time="265.972"/>
</testsuite> <!-- BudgetCalculator.BudgetCalc -->
